0 info it worked if it ends with ok
1 verbose cli [ '/usr/bin/nodejs', '/usr/bin/npm', 'install' ]
2 info using npm@2.15.11
3 info using node@v4.8.3
4 verbose readDependencies loading dependencies from /home/peter/NetBeansProjects/map.lu/map.lu/package.json
5 warn package.json map.lu@1.0.0 No description
6 warn package.json map.lu@1.0.0 No repository field.
7 warn package.json map.lu@1.0.0 No README data
8 warn package.json map.lu@1.0.0 No license field.
9 verbose install where, deps [ '/home/peter/NetBeansProjects/map.lu/map.lu',
9 verbose install   [ 'grunt',
9 verbose install     'grunt-contrib-clean',
9 verbose install     'grunt-contrib-concat',
9 verbose install     'grunt-contrib-copy',
9 verbose install     'grunt-contrib-cssmin',
9 verbose install     'grunt-contrib-htmlmin',
9 verbose install     'grunt-contrib-uglify',
9 verbose install     'grunt-dom-munger',
9 verbose install     'grunt-processhtml' ] ]
10 verbose install where, peers [ '/home/peter/NetBeansProjects/map.lu/map.lu', [] ]
11 verbose installManyTop reading for lifecycle /home/peter/NetBeansProjects/map.lu/map.lu/package.json
12 info preinstall map.lu@1.0.0
13 verbose installManyTop reading scoped package data from /home/peter/NetBeansProjects/map.lu/map.lu/node_modules/grunt/package.json
14 verbose installManyTop reading scoped package data from /home/peter/NetBeansProjects/map.lu/map.lu/node_modules/grunt-contrib-clean/package.json
15 verbose installManyTop reading scoped package data from /home/peter/NetBeansProjects/map.lu/map.lu/node_modules/grunt-contrib-concat/package.json
16 verbose installManyTop reading scoped package data from /home/peter/NetBeansProjects/map.lu/map.lu/node_modules/grunt-contrib-copy/package.json
17 verbose installManyTop reading scoped package data from /home/peter/NetBeansProjects/map.lu/map.lu/node_modules/grunt-contrib-cssmin/package.json
18 verbose installManyTop reading scoped package data from /home/peter/NetBeansProjects/map.lu/map.lu/node_modules/grunt-contrib-htmlmin/package.json
19 verbose installManyTop reading scoped package data from /home/peter/NetBeansProjects/map.lu/map.lu/node_modules/grunt-contrib-uglify/package.json
20 verbose installManyTop reading scoped package data from /home/peter/NetBeansProjects/map.lu/map.lu/node_modules/grunt-dom-munger/package.json
21 verbose installManyTop reading scoped package data from /home/peter/NetBeansProjects/map.lu/map.lu/node_modules/grunt-newer/package.json
22 verbose installManyTop reading scoped package data from /home/peter/NetBeansProjects/map.lu/map.lu/node_modules/grunt-processhtml/package.json
23 info package.json grunt-dom-munger@3.4.0 No license field.
24 info package.json grunt-processhtml@0.4.1 No license field.
25 verbose readDependencies loading dependencies from /home/peter/NetBeansProjects/map.lu/map.lu/package.json
26 verbose targetResolver reading package data from /home/peter/NetBeansProjects/map.lu/map.lu/node_modules/grunt/package.json
27 verbose targetResolver reading package data from /home/peter/NetBeansProjects/map.lu/map.lu/node_modules/grunt-contrib-clean/package.json
28 verbose targetResolver reading package data from /home/peter/NetBeansProjects/map.lu/map.lu/node_modules/grunt-contrib-concat/package.json
29 verbose targetResolver reading package data from /home/peter/NetBeansProjects/map.lu/map.lu/node_modules/grunt-contrib-copy/package.json
30 verbose targetResolver reading package data from /home/peter/NetBeansProjects/map.lu/map.lu/node_modules/grunt-contrib-cssmin/package.json
31 verbose targetResolver reading package data from /home/peter/NetBeansProjects/map.lu/map.lu/node_modules/grunt-contrib-htmlmin/package.json
32 verbose targetResolver reading package data from /home/peter/NetBeansProjects/map.lu/map.lu/node_modules/grunt-contrib-uglify/package.json
33 verbose targetResolver reading package data from /home/peter/NetBeansProjects/map.lu/map.lu/node_modules/grunt-dom-munger/package.json
34 verbose targetResolver reading package data from /home/peter/NetBeansProjects/map.lu/map.lu/node_modules/grunt-newer/package.json
35 verbose targetResolver reading package data from /home/peter/NetBeansProjects/map.lu/map.lu/node_modules/grunt-processhtml/package.json
36 verbose targetResolver reading package data from /home/peter/NetBeansProjects/map.lu/map.lu/node_modules/.bin/grunt/package.json
37 verbose already installed skipping grunt-dom-munger@>=3.4.0 /home/peter/NetBeansProjects/map.lu/map.lu
38 verbose already installed skipping grunt-processhtml@^0.4.1 /home/peter/NetBeansProjects/map.lu/map.lu
39 verbose already installed skipping grunt@^1.0.1 /home/peter/NetBeansProjects/map.lu/map.lu
40 verbose already installed skipping grunt-contrib-clean@>=1.0.0 /home/peter/NetBeansProjects/map.lu/map.lu
41 verbose already installed skipping grunt-contrib-concat@>=1.0.1 /home/peter/NetBeansProjects/map.lu/map.lu
42 verbose already installed skipping grunt-contrib-copy@^1.0.0 /home/peter/NetBeansProjects/map.lu/map.lu
43 verbose already installed skipping grunt-contrib-cssmin@^1.0.2 /home/peter/NetBeansProjects/map.lu/map.lu
44 verbose already installed skipping grunt-contrib-htmlmin@^2.0.0 /home/peter/NetBeansProjects/map.lu/map.lu
45 verbose already installed skipping grunt-contrib-uglify@^2.0.0 /home/peter/NetBeansProjects/map.lu/map.lu
46 silly install resolved []
47 info build /home/peter/NetBeansProjects/map.lu/map.lu
48 info linkStuff map.lu@1.0.0
49 silly linkStuff map.lu@1.0.0 has /home/peter/NetBeansProjects/map.lu as its parent node_modules
50 verbose linkBins map.lu@1.0.0
51 verbose linkMans map.lu@1.0.0
52 verbose rebuildBundles map.lu@1.0.0
53 verbose rebuildBundles [ '.bin',
53 verbose rebuildBundles   'grunt',
53 verbose rebuildBundles   'grunt-contrib-clean',
53 verbose rebuildBundles   'grunt-contrib-concat',
53 verbose rebuildBundles   'grunt-contrib-copy',
53 verbose rebuildBundles   'grunt-contrib-cssmin',
53 verbose rebuildBundles   'grunt-contrib-htmlmin',
53 verbose rebuildBundles   'grunt-contrib-uglify',
53 verbose rebuildBundles   'grunt-dom-munger',
53 verbose rebuildBundles   'grunt-newer',
53 verbose rebuildBundles   'grunt-processhtml' ]
54 verbose rebuild bundle /home/peter/NetBeansProjects/map.lu/map.lu/node_modules/grunt-newer
55 info build /home/peter/NetBeansProjects/map.lu/map.lu/node_modules/grunt-newer
56 info preinstall grunt-newer@1.3.0
57 info linkStuff grunt-newer@1.3.0
58 silly linkStuff grunt-newer@1.3.0 has /home/peter/NetBeansProjects/map.lu/map.lu/node_modules as its parent node_modules
59 verbose linkBins grunt-newer@1.3.0
60 verbose linkMans grunt-newer@1.3.0
61 verbose rebuildBundles grunt-newer@1.3.0
62 verbose rebuildBundles [ '.bin', 'async', 'rimraf' ]
63 info install grunt-newer@1.3.0
64 info postinstall grunt-newer@1.3.0
65 info install map.lu@1.0.0
66 info postinstall map.lu@1.0.0
67 info prepublish map.lu@1.0.0
68 verbose validateInstall loading /home/peter/NetBeansProjects/map.lu/map.lu/package.json for validation
69 verbose stack Error: The package grunt@1.0.1 does not satisfy its siblings' peerDependencies requirements!
69 verbose stack     at /usr/lib/node_modules/npm/lib/install.js:125:32
69 verbose stack     at /usr/lib/node_modules/npm/lib/install.js:268:7
69 verbose stack     at /usr/lib/node_modules/npm/node_modules/read-installed/read-installed.js:142:5
69 verbose stack     at /usr/lib/node_modules/npm/node_modules/read-installed/read-installed.js:263:14
69 verbose stack     at cb (/usr/lib/node_modules/npm/node_modules/slide/lib/async-map.js:47:24)
69 verbose stack     at /usr/lib/node_modules/npm/node_modules/read-installed/read-installed.js:263:14
69 verbose stack     at cb (/usr/lib/node_modules/npm/node_modules/slide/lib/async-map.js:47:24)
69 verbose stack     at /usr/lib/node_modules/npm/node_modules/read-installed/read-installed.js:263:14
69 verbose stack     at cb (/usr/lib/node_modules/npm/node_modules/slide/lib/async-map.js:47:24)
69 verbose stack     at /usr/lib/node_modules/npm/node_modules/read-installed/read-installed.js:263:14
70 verbose cwd /home/peter/NetBeansProjects/map.lu/map.lu
71 error Linux 3.13.0-37-generic
72 error argv "/usr/bin/nodejs" "/usr/bin/npm" "install"
73 error node v4.8.3
74 error npm  v2.15.11
75 error code EPEERINVALID
76 error peerinvalid The package grunt@1.0.1 does not satisfy its siblings' peerDependencies requirements!
76 error peerinvalid Peer grunt-contrib-concat@1.0.1 wants grunt@>=0.4.0
76 error peerinvalid Peer grunt-dom-munger@3.4.0 wants grunt@~0.4.1
76 error peerinvalid Peer grunt-newer@1.3.0 wants grunt@>=0.4.1
76 error peerinvalid Peer grunt-contrib-clean@1.1.0 wants grunt@>=0.4.5
77 verbose exit [ 1, true ]
